[2018-03-18T21:45:42.954] [DEBUG] cheese - login => username:admin,password:123456
[2018-03-18T21:45:42.957] [DEBUG] cheese - admin
[2018-03-18T21:45:43.000] [DEBUG] cheese - null
[2018-03-18T21:45:43.002] [DEBUG] cheese - null
[2018-03-19T00:12:14.587] [DEBUG] cheese - login => username:admin,password:123456
[2018-03-19T00:12:14.587] [DEBUG] cheese - admin
[2018-03-19T00:12:14.593] [DEBUG] cheese - null
[2018-03-19T00:12:14.593] [DEBUG] cheese - null
[2018-03-19T00:12:17.274] [DEBUG] cheese - null
[2018-03-19T00:12:17.283] [DEBUG] cheese - null
[2018-03-19T00:12:21.820] [DEBUG] cheese - null
[2018-03-19T00:12:21.824] [DEBUG] cheese - null
[2018-03-19T00:12:23.884] [DEBUG] cheese - null
[2018-03-19T00:12:23.889] [DEBUG] cheese - null
[2018-03-19T00:12:28.594] [DEBUG] cheese - null
[2018-03-19T00:12:28.599] [DEBUG] cheese - null
[2018-03-19T00:12:28.650] [DEBUG] cheese - null
[2018-03-19T00:12:28.655] [DEBUG] cheese - null
[2018-03-19T00:12:33.957] [DEBUG] cheese - null
[2018-03-19T00:12:33.961] [DEBUG] cheese - null
[2018-03-19T00:12:37.447] [DEBUG] cheese - null
[2018-03-19T00:12:37.452] [DEBUG] cheese - null
[2018-03-19T00:12:39.837] [DEBUG] cheese - null
[2018-03-19T00:12:39.841] [DEBUG] cheese - null
[2018-03-19T00:12:41.088] [DEBUG] cheese - null
[2018-03-19T00:12:41.093] [DEBUG] cheese - null
[2018-03-19T00:12:41.098] [DEBUG] cheese - null
[2018-03-19T00:12:41.110] [DEBUG] cheese - null
[2018-03-19T00:12:44.421] [DEBUG] cheese - null
[2018-03-19T00:12:44.427] [DEBUG] cheese - null
[2018-03-19T00:12:48.987] [DEBUG] cheese - null
[2018-03-19T00:12:48.995] [DEBUG] cheese - null
[2018-03-19T00:12:50.757] [DEBUG] cheese - null
[2018-03-19T00:12:50.763] [DEBUG] cheese - null
[2018-03-19T00:12:51.760] [DEBUG] cheese - null
[2018-03-19T00:12:51.766] [DEBUG] cheese - null
[2018-03-19T00:12:53.506] [DEBUG] cheese - null
[2018-03-19T00:12:53.512] [DEBUG] cheese - null
[2018-03-19T00:12:54.209] [DEBUG] cheese - null
[2018-03-19T00:12:54.213] [DEBUG] cheese - null
[2018-03-19T00:13:01.818] [DEBUG] cheese - null
[2018-03-19T00:13:01.829] [DEBUG] cheese - null
[2018-03-19T00:13:02.431] [DEBUG] cheese - null
[2018-03-19T00:13:02.436] [DEBUG] cheese - null
[2018-03-19T00:13:03.324] [DEBUG] cheese - null
[2018-03-19T00:13:03.329] [DEBUG] cheese - null
[2018-03-19T00:13:07.501] [DEBUG] cheese - null
[2018-03-19T00:13:07.506] [DEBUG] cheese - null
[2018-03-19T00:13:07.590] [DEBUG] cheese - null
[2018-03-19T00:13:07.595] [DEBUG] cheese - null
[2018-03-19T00:13:16.151] [DEBUG] cheese - null
[2018-03-19T00:13:16.158] [DEBUG] cheese - null
[2018-03-19T00:13:18.163] [DEBUG] cheese - null
[2018-03-19T00:13:18.170] [DEBUG] cheese - null
[2018-03-19T00:13:18.918] [DEBUG] cheese - null
[2018-03-19T00:13:18.925] [DEBUG] cheese - null
[2018-03-19T00:14:23.082] [DEBUG] cheese - null
[2018-03-19T00:14:23.095] [DEBUG] cheese - null
[2018-03-19T00:14:27.018] [DEBUG] cheese - null
[2018-03-19T00:14:27.029] [DEBUG] cheese - null
[2018-03-19T00:14:28.840] [DEBUG] cheese - null
[2018-03-19T00:14:28.844] [DEBUG] cheese - null
[2018-03-19T00:14:28.851] [DEBUG] cheese - null
[2018-03-19T00:14:28.864] [DEBUG] cheese - null
[2018-03-19T00:14:30.848] [DEBUG] cheese - null
[2018-03-19T00:14:30.859] [DEBUG] cheese - null
[2018-03-19T00:14:47.707] [DEBUG] cheese - null
[2018-03-19T00:14:47.715] [DEBUG] cheese - null
[2018-03-19T00:14:49.085] [DEBUG] cheese - null
[2018-03-19T00:14:49.092] [DEBUG] cheese - null
[2018-03-19T00:14:51.021] [DEBUG] cheese - null
[2018-03-19T00:14:51.029] [DEBUG] cheese - null
[2018-03-19T00:14:54.978] [DEBUG] cheese - null
[2018-03-19T00:14:54.990] [DEBUG] cheese - null
[2018-03-19T00:14:59.863] [DEBUG] cheese - null
[2018-03-19T00:14:59.872] [DEBUG] cheese - null
[2018-03-19T00:14:59.941] [DEBUG] cheese - null
[2018-03-19T00:14:59.951] [DEBUG] cheese - null
[2018-03-19T00:22:16.569] [DEBUG] cheese - { Error: ER_NO_SUCH_TABLE: Table 'itcast.sp_permission_api' doesn't exist
    at Query.Sequence._packetToError (C:\Users\Alan_\Desktop\GZ\code\shop2-server\node_modules\mysql\lib\protocol\sequences\Sequence.js:52:14)
    at Query.ErrorPacket (C:\Users\Alan_\Desktop\GZ\code\shop2-server\node_modules\mysql\lib\protocol\sequences\Query.js:77:18)
    at Protocol._parsePacket (C:\Users\Alan_\Desktop\GZ\code\shop2-server\node_modules\mysql\lib\protocol\Protocol.js:279:23)
    at Parser.write (C:\Users\Alan_\Desktop\GZ\code\shop2-server\node_modules\mysql\lib\protocol\Parser.js:76:12)
    at Protocol.write (C:\Users\Alan_\Desktop\GZ\code\shop2-server\node_modules\mysql\lib\protocol\Protocol.js:39:16)
    at Socket.<anonymous> (C:\Users\Alan_\Desktop\GZ\code\shop2-server\node_modules\mysql\lib\Connection.js:103:28)
    at emitOne (events.js:116:13)
    at Socket.emit (events.js:211:7)
    at addChunk (_stream_readable.js:263:12)
    at readableAddChunk (_stream_readable.js:250:11)
    at Socket.Readable.push (_stream_readable.js:208:10)
    at TCP.onread (net.js:594:20)
    --------------------
    at Protocol._enqueue (C:\Users\Alan_\Desktop\GZ\code\shop2-server\node_modules\mysql\lib\protocol\Protocol.js:145:48)
    at PoolConnection.query (C:\Users\Alan_\Desktop\GZ\code\shop2-server\node_modules\mysql\lib\Connection.js:208:25)
    at C:\Users\Alan_\Desktop\GZ\code\shop2-server\node_modules\orm\lib\Drivers\DML\mysql.js:231:9
    at Ping.onOperationComplete [as _callback] (C:\Users\Alan_\Desktop\GZ\code\shop2-server\node_modules\mysql\lib\Pool.js:110:5)
    at Ping.Sequence.end (C:\Users\Alan_\Desktop\GZ\code\shop2-server\node_modules\mysql\lib\protocol\sequences\Sequence.js:88:24)
    at Ping.Sequence.OkPacket (C:\Users\Alan_\Desktop\GZ\code\shop2-server\node_modules\mysql\lib\protocol\sequences\Sequence.js:97:8)
    at Protocol._parsePacket (C:\Users\Alan_\Desktop\GZ\code\shop2-server\node_modules\mysql\lib\protocol\Protocol.js:279:23)
    at Parser.write (C:\Users\Alan_\Desktop\GZ\code\shop2-server\node_modules\mysql\lib\protocol\Parser.js:76:12)
    at Protocol.write (C:\Users\Alan_\Desktop\GZ\code\shop2-server\node_modules\mysql\lib\protocol\Protocol.js:39:16)
    at Socket.<anonymous> (C:\Users\Alan_\Desktop\GZ\code\shop2-server\node_modules\mysql\lib\Connection.js:103:28)
    at emitOne (events.js:116:13)
    at Socket.emit (events.js:211:7)
    at addChunk (_stream_readable.js:263:12)
    at readableAddChunk (_stream_readable.js:250:11)
    at Socket.Readable.push (_stream_readable.js:208:10)
    at TCP.onread (net.js:594:20)
  code: 'ER_NO_SUCH_TABLE',
  errno: 1146,
  sqlMessage: 'Table \'itcast.sp_permission_api\' doesn\'t exist',
  sqlState: '42S02',
  index: 0,
  sql: 'SELECT `id`, `ps_id`, `ps_api_service`, `ps_api_action`, `ps_api_order` FROM `sp_permission_api` WHERE `ps_api_service` = \'ManagerService\' AND `ps_api_action` = \'getAllManagers\' LIMIT 1' }
[2018-03-19T00:22:23.254] [DEBUG] cheese - { Error: ER_NO_SUCH_TABLE: Table 'itcast.sp_permission_api' doesn't exist
    at Query.Sequence._packetToError (C:\Users\Alan_\Desktop\GZ\code\shop2-server\node_modules\mysql\lib\protocol\sequences\Sequence.js:52:14)
    at Query.ErrorPacket (C:\Users\Alan_\Desktop\GZ\code\shop2-server\node_modules\mysql\lib\protocol\sequences\Query.js:77:18)
    at Protocol._parsePacket (C:\Users\Alan_\Desktop\GZ\code\shop2-server\node_modules\mysql\lib\protocol\Protocol.js:279:23)
    at Parser.write (C:\Users\Alan_\Desktop\GZ\code\shop2-server\node_modules\mysql\lib\protocol\Parser.js:76:12)
    at Protocol.write (C:\Users\Alan_\Desktop\GZ\code\shop2-server\node_modules\mysql\lib\protocol\Protocol.js:39:16)
    at Socket.<anonymous> (C:\Users\Alan_\Desktop\GZ\code\shop2-server\node_modules\mysql\lib\Connection.js:103:28)
    at emitOne (events.js:116:13)
    at Socket.emit (events.js:211:7)
    at addChunk (_stream_readable.js:263:12)
    at readableAddChunk (_stream_readable.js:250:11)
    at Socket.Readable.push (_stream_readable.js:208:10)
    at TCP.onread (net.js:594:20)
    --------------------
    at Protocol._enqueue (C:\Users\Alan_\Desktop\GZ\code\shop2-server\node_modules\mysql\lib\protocol\Protocol.js:145:48)
    at PoolConnection.query (C:\Users\Alan_\Desktop\GZ\code\shop2-server\node_modules\mysql\lib\Connection.js:208:25)
    at C:\Users\Alan_\Desktop\GZ\code\shop2-server\node_modules\orm\lib\Drivers\DML\mysql.js:231:9
    at Ping.onOperationComplete [as _callback] (C:\Users\Alan_\Desktop\GZ\code\shop2-server\node_modules\mysql\lib\Pool.js:110:5)
    at Ping.Sequence.end (C:\Users\Alan_\Desktop\GZ\code\shop2-server\node_modules\mysql\lib\protocol\sequences\Sequence.js:88:24)
    at Ping.Sequence.OkPacket (C:\Users\Alan_\Desktop\GZ\code\shop2-server\node_modules\mysql\lib\protocol\sequences\Sequence.js:97:8)
    at Protocol._parsePacket (C:\Users\Alan_\Desktop\GZ\code\shop2-server\node_modules\mysql\lib\protocol\Protocol.js:279:23)
    at Parser.write (C:\Users\Alan_\Desktop\GZ\code\shop2-server\node_modules\mysql\lib\protocol\Parser.js:76:12)
    at Protocol.write (C:\Users\Alan_\Desktop\GZ\code\shop2-server\node_modules\mysql\lib\protocol\Protocol.js:39:16)
    at Socket.<anonymous> (C:\Users\Alan_\Desktop\GZ\code\shop2-server\node_modules\mysql\lib\Connection.js:103:28)
    at emitOne (events.js:116:13)
    at Socket.emit (events.js:211:7)
    at addChunk (_stream_readable.js:263:12)
    at readableAddChunk (_stream_readable.js:250:11)
    at Socket.Readable.push (_stream_readable.js:208:10)
    at TCP.onread (net.js:594:20)
  code: 'ER_NO_SUCH_TABLE',
  errno: 1146,
  sqlMessage: 'Table \'itcast.sp_permission_api\' doesn\'t exist',
  sqlState: '42S02',
  index: 0,
  sql: 'SELECT `id`, `ps_id`, `ps_api_service`, `ps_api_action`, `ps_api_order` FROM `sp_permission_api` WHERE `ps_api_service` = \'ManagerService\' AND `ps_api_action` = \'getAllManagers\' LIMIT 1' }
[2018-03-19T00:23:34.589] [DEBUG] cheese - { Error: ER_NO_SUCH_TABLE: Table 'itcast.sp_permission_api' doesn't exist
    at Query.Sequence._packetToError (C:\Users\Alan_\Desktop\GZ\code\shop2-server\node_modules\mysql\lib\protocol\sequences\Sequence.js:52:14)
    at Query.ErrorPacket (C:\Users\Alan_\Desktop\GZ\code\shop2-server\node_modules\mysql\lib\protocol\sequences\Query.js:77:18)
    at Protocol._parsePacket (C:\Users\Alan_\Desktop\GZ\code\shop2-server\node_modules\mysql\lib\protocol\Protocol.js:279:23)
    at Parser.write (C:\Users\Alan_\Desktop\GZ\code\shop2-server\node_modules\mysql\lib\protocol\Parser.js:76:12)
    at Protocol.write (C:\Users\Alan_\Desktop\GZ\code\shop2-server\node_modules\mysql\lib\protocol\Protocol.js:39:16)
    at Socket.<anonymous> (C:\Users\Alan_\Desktop\GZ\code\shop2-server\node_modules\mysql\lib\Connection.js:103:28)
    at emitOne (events.js:116:13)
    at Socket.emit (events.js:211:7)
    at addChunk (_stream_readable.js:263:12)
    at readableAddChunk (_stream_readable.js:250:11)
    at Socket.Readable.push (_stream_readable.js:208:10)
    at TCP.onread (net.js:594:20)
    --------------------
    at Protocol._enqueue (C:\Users\Alan_\Desktop\GZ\code\shop2-server\node_modules\mysql\lib\protocol\Protocol.js:145:48)
    at PoolConnection.query (C:\Users\Alan_\Desktop\GZ\code\shop2-server\node_modules\mysql\lib\Connection.js:208:25)
    at C:\Users\Alan_\Desktop\GZ\code\shop2-server\node_modules\orm\lib\Drivers\DML\mysql.js:231:9
    at Ping.onOperationComplete [as _callback] (C:\Users\Alan_\Desktop\GZ\code\shop2-server\node_modules\mysql\lib\Pool.js:110:5)
    at Ping.Sequence.end (C:\Users\Alan_\Desktop\GZ\code\shop2-server\node_modules\mysql\lib\protocol\sequences\Sequence.js:88:24)
    at Ping.Sequence.OkPacket (C:\Users\Alan_\Desktop\GZ\code\shop2-server\node_modules\mysql\lib\protocol\sequences\Sequence.js:97:8)
    at Protocol._parsePacket (C:\Users\Alan_\Desktop\GZ\code\shop2-server\node_modules\mysql\lib\protocol\Protocol.js:279:23)
    at Parser.write (C:\Users\Alan_\Desktop\GZ\code\shop2-server\node_modules\mysql\lib\protocol\Parser.js:76:12)
    at Protocol.write (C:\Users\Alan_\Desktop\GZ\code\shop2-server\node_modules\mysql\lib\protocol\Protocol.js:39:16)
    at Socket.<anonymous> (C:\Users\Alan_\Desktop\GZ\code\shop2-server\node_modules\mysql\lib\Connection.js:103:28)
    at emitOne (events.js:116:13)
    at Socket.emit (events.js:211:7)
    at addChunk (_stream_readable.js:263:12)
    at readableAddChunk (_stream_readable.js:250:11)
    at Socket.Readable.push (_stream_readable.js:208:10)
    at TCP.onread (net.js:594:20)
  code: 'ER_NO_SUCH_TABLE',
  errno: 1146,
  sqlMessage: 'Table \'itcast.sp_permission_api\' doesn\'t exist',
  sqlState: '42S02',
  index: 0,
  sql: 'SELECT `id`, `ps_id`, `ps_api_service`, `ps_api_action`, `ps_api_order` FROM `sp_permission_api` WHERE `ps_api_service` = \'ManagerService\' AND `ps_api_action` = \'getAllManagers\' LIMIT 1' }
[2018-03-19T00:26:32.497] [DEBUG] cheese - null
[2018-03-19T00:26:32.504] [DEBUG] cheese - null
[2018-03-19T00:26:55.872] [DEBUG] cheese - null
[2018-03-19T00:26:55.887] [DEBUG] cheese - null
[2018-03-19T00:26:56.805] [DEBUG] cheese - null
[2018-03-19T00:26:56.811] [DEBUG] cheese - null
[2018-03-19T00:26:57.344] [DEBUG] cheese - null
[2018-03-19T00:26:57.351] [DEBUG] cheese - null
[2018-03-19T00:26:58.819] [DEBUG] cheese - null
[2018-03-19T00:26:58.825] [DEBUG] cheese - null
[2018-03-19T00:26:58.851] [DEBUG] cheese - null
[2018-03-19T00:26:58.861] [DEBUG] cheese - null
[2018-03-19T00:27:04.615] [DEBUG] cheese - null
[2018-03-19T00:27:04.621] [DEBUG] cheese - null
[2018-03-19T00:27:08.217] [DEBUG] cheese - null
[2018-03-19T00:27:08.220] [DEBUG] cheese - null
[2018-03-19T00:27:12.024] [DEBUG] cheese - null
[2018-03-19T00:27:12.029] [DEBUG] cheese - null
[2018-03-19T00:27:15.428] [DEBUG] cheese - null
[2018-03-19T00:27:15.433] [DEBUG] cheese - null
[2018-03-19T00:27:48.545] [DEBUG] cheese - null
[2018-03-19T00:27:48.550] [DEBUG] cheese - null
[2018-03-19T00:27:52.731] [DEBUG] cheese - null
[2018-03-19T00:27:52.736] [DEBUG] cheese - null
[2018-03-19T00:28:04.870] [DEBUG] cheese - null
[2018-03-19T00:28:04.875] [DEBUG] cheese - null
[2018-03-19T00:29:41.550] [DEBUG] cheese - null
[2018-03-19T00:29:41.555] [DEBUG] cheese - null
[2018-03-19T00:29:43.913] [DEBUG] cheese - null
[2018-03-19T00:29:43.917] [DEBUG] cheese - null
[2018-03-19T00:30:24.909] [DEBUG] cheese - null
[2018-03-19T00:30:24.931] [DEBUG] cheese - null
[2018-03-19T00:30:26.672] [DEBUG] cheese - null
[2018-03-19T00:30:26.676] [DEBUG] cheese - null
[2018-03-19T00:30:28.054] [DEBUG] cheese - null
[2018-03-19T00:30:28.059] [DEBUG] cheese - null
[2018-03-19T00:31:28.998] [DEBUG] cheese - null
[2018-03-19T00:31:29.003] [DEBUG] cheese - null
[2018-03-19T00:31:39.728] [DEBUG] cheese - null
[2018-03-19T00:31:39.732] [DEBUG] cheese - null
[2018-03-19T00:32:52.792] [DEBUG] cheese - null
[2018-03-19T00:32:52.796] [DEBUG] cheese - null
[2018-03-19T00:32:53.222] [DEBUG] cheese - null
[2018-03-19T00:32:53.226] [DEBUG] cheese - null
[2018-03-19T00:32:54.714] [DEBUG] cheese - null
[2018-03-19T00:32:54.718] [DEBUG] cheese - null
[2018-03-19T00:35:01.994] [DEBUG] cheese - null
[2018-03-19T00:35:02.000] [DEBUG] cheese - null
[2018-03-19T00:35:07.227] [DEBUG] cheese - null
[2018-03-19T00:35:07.233] [DEBUG] cheese - null
[2018-03-19T00:35:13.083] [DEBUG] cheese - null
[2018-03-19T00:35:13.088] [DEBUG] cheese - null
[2018-03-19T00:35:15.111] [DEBUG] cheese - null
[2018-03-19T00:35:15.117] [DEBUG] cheese - null
[2018-03-19T00:35:17.349] [DEBUG] cheese - null
[2018-03-19T00:35:17.357] [DEBUG] cheese - null
[2018-03-19T00:35:17.573] [DEBUG] cheese - null
[2018-03-19T00:35:17.582] [DEBUG] cheese - null
[2018-03-19T00:35:25.145] [DEBUG] cheese - null
[2018-03-19T00:35:25.151] [DEBUG] cheese - null
[2018-03-19T00:35:29.303] [DEBUG] cheese - null
[2018-03-19T00:35:29.311] [DEBUG] cheese - null
[2018-03-19T00:35:29.529] [DEBUG] cheese - null
[2018-03-19T00:35:29.541] [DEBUG] cheese - null
[2018-03-19T00:35:43.421] [DEBUG] cheese - null
[2018-03-19T00:35:43.428] [DEBUG] cheese - null
[2018-03-19T00:36:03.330] [DEBUG] cheese - null
[2018-03-19T00:36:03.335] [DEBUG] cheese - null
[2018-03-19T00:36:05.752] [DEBUG] cheese - null
[2018-03-19T00:36:05.756] [DEBUG] cheese - null
[2018-03-19T00:36:07.323] [DEBUG] cheese - null
[2018-03-19T00:36:07.327] [DEBUG] cheese - null
[2018-03-19T00:36:15.495] [DEBUG] cheese - null
[2018-03-19T00:36:15.500] [DEBUG] cheese - null
[2018-03-19T00:36:33.517] [DEBUG] cheese - login => username:admin,password:123456
[2018-03-19T00:36:33.518] [DEBUG] cheese - admin
[2018-03-19T00:36:33.523] [DEBUG] cheese - null
[2018-03-19T00:36:33.523] [DEBUG] cheese - null
[2018-03-20T18:02:43.789] [DEBUG] cheese - login => username:itcast,password:123456
[2018-03-20T18:02:43.791] [DEBUG] cheese - itcast
[2018-03-20T18:02:43.815] [DEBUG] cheese - null
[2018-03-20T18:02:43.815] [DEBUG] cheese - null
[2018-03-20T18:02:47.741] [DEBUG] cheese - login => username:admin,password:123456
[2018-03-20T18:02:47.741] [DEBUG] cheese - admin
[2018-03-20T18:02:47.751] [DEBUG] cheese - null
[2018-03-20T18:02:47.751] [DEBUG] cheese - null
[2018-03-21T11:07:13.338] [DEBUG] cheese - login => username:admin,password:123456
[2018-03-21T11:07:13.339] [DEBUG] cheese - admin
[2018-03-21T11:07:13.359] [DEBUG] cheese - null
[2018-03-21T11:07:13.360] [DEBUG] cheese - null
[2018-03-21T11:07:42.234] [DEBUG] cheese - login => username:admin,password:123456
[2018-03-21T11:07:42.234] [DEBUG] cheese - admin
[2018-03-21T11:07:42.240] [DEBUG] cheese - null
[2018-03-21T11:07:42.240] [DEBUG] cheese - null
[2018-03-21T15:13:48.238] [DEBUG] cheese - login => username:234,password:234
[2018-03-21T15:13:48.240] [DEBUG] cheese - 234
[2018-03-21T15:13:48.273] [DEBUG] cheese - null
[2018-03-21T15:13:48.274] [DEBUG] cheese - null
[2018-03-21T15:44:05.758] [DEBUG] cheese - login => username:12312,password:123123
[2018-03-21T15:44:05.758] [DEBUG] cheese - 12312
[2018-03-21T15:44:05.774] [DEBUG] cheese - null
[2018-03-21T15:44:05.774] [DEBUG] cheese - null
[2018-03-21T15:44:31.780] [DEBUG] cheese - login => username:admin,password:123456
[2018-03-21T15:44:31.780] [DEBUG] cheese - admin
[2018-03-21T15:44:31.794] [DEBUG] cheese - null
[2018-03-21T15:44:31.794] [DEBUG] cheese - null
[2018-03-21T15:45:13.597] [DEBUG] cheese - login => username:admin,password:123456
[2018-03-21T15:45:13.597] [DEBUG] cheese - admin
[2018-03-21T15:45:13.603] [DEBUG] cheese - null
[2018-03-21T15:45:13.604] [DEBUG] cheese - null
[2018-03-21T15:45:21.358] [DEBUG] cheese - login => username:243,password:sdd
[2018-03-21T15:45:21.358] [DEBUG] cheese - 243
[2018-03-21T15:45:21.363] [DEBUG] cheese - null
[2018-03-21T15:45:21.363] [DEBUG] cheese - null
[2018-03-21T15:45:50.339] [DEBUG] cheese - login => username:admin,password:sdd
[2018-03-21T15:45:50.339] [DEBUG] cheese - admin
[2018-03-21T15:45:50.355] [DEBUG] cheese - null
[2018-03-21T15:45:50.355] [DEBUG] cheese - null
[2018-03-21T15:48:13.560] [DEBUG] cheese - login => username:admin,password:123456
[2018-03-21T15:48:13.561] [DEBUG] cheese - admin
[2018-03-21T15:48:13.576] [DEBUG] cheese - null
[2018-03-21T15:48:13.576] [DEBUG] cheese - null
[2018-03-21T15:49:24.008] [DEBUG] cheese - login => username:admin,password:123456
[2018-03-21T15:49:24.008] [DEBUG] cheese - admin
[2018-03-21T15:49:24.016] [DEBUG] cheese - null
[2018-03-21T15:49:24.017] [DEBUG] cheese - null
[2018-03-21T16:07:18.900] [DEBUG] cheese - login => username:sdf,password:123
[2018-03-21T16:07:18.900] [DEBUG] cheese - sdf
[2018-03-21T16:07:18.905] [DEBUG] cheese - null
[2018-03-21T16:07:18.905] [DEBUG] cheese - null
[2018-03-21T16:07:35.523] [DEBUG] cheese - login => username:admin,password:123456
[2018-03-21T16:07:35.524] [DEBUG] cheese - admin
[2018-03-21T16:07:35.541] [DEBUG] cheese - null
[2018-03-21T16:07:35.541] [DEBUG] cheese - null
[2018-03-21T16:07:45.511] [DEBUG] cheese - login => username:admin,password:123
[2018-03-21T16:07:45.511] [DEBUG] cheese - admin
[2018-03-21T16:07:45.521] [DEBUG] cheese - null
[2018-03-21T16:07:45.521] [DEBUG] cheese - null
[2018-03-21T16:11:04.511] [DEBUG] cheese - login => username:admin,password:123
[2018-03-21T16:11:04.511] [DEBUG] cheese - admin
[2018-03-21T16:11:04.525] [DEBUG] cheese - null
[2018-03-21T16:11:04.525] [DEBUG] cheese - null
[2018-03-21T16:11:11.186] [DEBUG] cheese - login => username:werwerwe,password:123
[2018-03-21T16:11:11.186] [DEBUG] cheese - werwerwe
[2018-03-21T16:11:11.191] [DEBUG] cheese - null
[2018-03-21T16:11:11.191] [DEBUG] cheese - null
[2018-03-21T16:13:55.126] [DEBUG] cheese - login => username:admin,password:123456
[2018-03-21T16:13:55.126] [DEBUG] cheese - admin
[2018-03-21T16:13:55.131] [DEBUG] cheese - null
[2018-03-21T16:13:55.131] [DEBUG] cheese - null
[2018-03-21T17:36:49.566] [DEBUG] cheese - login => username:admin,password:123456
[2018-03-21T17:36:49.567] [DEBUG] cheese - admin
[2018-03-21T17:36:49.578] [DEBUG] cheese - null
[2018-03-21T17:36:49.578] [DEBUG] cheese - null
[2018-03-21T20:46:35.650] [DEBUG] cheese - login => username:admin,password:a123456
[2018-03-21T20:46:35.652] [DEBUG] cheese - admin
[2018-03-21T20:46:35.671] [DEBUG] cheese - null
[2018-03-21T20:46:35.671] [DEBUG] cheese - null
[2018-03-21T20:46:40.875] [DEBUG] cheese - login => username:admin,password:a123456
[2018-03-21T20:46:40.875] [DEBUG] cheese - admin
[2018-03-21T20:46:40.881] [DEBUG] cheese - null
[2018-03-21T20:46:40.881] [DEBUG] cheese - null
[2018-03-21T20:46:44.342] [DEBUG] cheese - login => username:admin,password:123456
[2018-03-21T20:46:44.343] [DEBUG] cheese - admin
[2018-03-21T20:46:44.347] [DEBUG] cheese - null
[2018-03-21T20:46:44.347] [DEBUG] cheese - null
[2018-03-21T20:53:40.215] [DEBUG] cheese - login => username:admin,password:123456
[2018-03-21T20:53:40.216] [DEBUG] cheese - admin
[2018-03-21T20:53:40.222] [DEBUG] cheese - null
[2018-03-21T20:53:40.222] [DEBUG] cheese - null
[2018-03-21T20:55:36.731] [DEBUG] cheese - login => username:admin,password:123456
[2018-03-21T20:55:36.731] [DEBUG] cheese - admin
[2018-03-21T20:55:36.737] [DEBUG] cheese - null
[2018-03-21T20:55:36.737] [DEBUG] cheese - null
[2018-03-21T20:58:40.972] [DEBUG] cheese - login => username:admin,password:123456
[2018-03-21T20:58:40.972] [DEBUG] cheese - admin
[2018-03-21T20:58:40.977] [DEBUG] cheese - null
[2018-03-21T20:58:40.977] [DEBUG] cheese - null
[2018-03-21T21:01:07.881] [DEBUG] cheese - login => username:admin,password:123456
[2018-03-21T21:01:07.881] [DEBUG] cheese - admin
[2018-03-21T21:01:07.905] [DEBUG] cheese - null
[2018-03-21T21:01:07.905] [DEBUG] cheese - null
[2018-03-21T21:04:50.065] [DEBUG] cheese - login => username:admin,password:123456
[2018-03-21T21:04:50.065] [DEBUG] cheese - admin
[2018-03-21T21:04:50.072] [DEBUG] cheese - null
[2018-03-21T21:04:50.072] [DEBUG] cheese - null
[2018-03-21T21:07:05.122] [DEBUG] cheese - login => username:admin,password:123456
[2018-03-21T21:07:05.122] [DEBUG] cheese - admin
[2018-03-21T21:07:05.136] [DEBUG] cheese - null
[2018-03-21T21:07:05.136] [DEBUG] cheese - null
[2018-03-21T21:15:32.055] [DEBUG] cheese - login => username:admin,password:123456
[2018-03-21T21:15:32.055] [DEBUG] cheese - admin
[2018-03-21T21:15:32.063] [DEBUG] cheese - null
[2018-03-21T21:15:32.063] [DEBUG] cheese - null
[2018-03-21T21:19:21.993] [DEBUG] cheese - login => username:admin,password:123456
[2018-03-21T21:19:21.993] [DEBUG] cheese - admin
[2018-03-21T21:19:21.997] [DEBUG] cheese - null
[2018-03-21T21:19:21.997] [DEBUG] cheese - null
[2018-03-21T21:21:30.241] [DEBUG] cheese - login => username:admin,password:123456
[2018-03-21T21:21:30.241] [DEBUG] cheese - admin
[2018-03-21T21:21:30.245] [DEBUG] cheese - null
[2018-03-21T21:21:30.246] [DEBUG] cheese - null
[2018-03-21T21:24:03.551] [DEBUG] cheese - login => username:admin,password:123456
[2018-03-21T21:24:03.551] [DEBUG] cheese - admin
[2018-03-21T21:24:03.561] [DEBUG] cheese - null
[2018-03-21T21:24:03.561] [DEBUG] cheese - null
[2018-03-21T21:26:08.142] [DEBUG] cheese - login => username:admin,password:123456
[2018-03-21T21:26:08.142] [DEBUG] cheese - admin
[2018-03-21T21:26:08.146] [DEBUG] cheese - null
[2018-03-21T21:26:08.146] [DEBUG] cheese - null
[2018-03-21T21:35:13.284] [DEBUG] cheese - login => username:admin,password:123456
[2018-03-21T21:35:13.284] [DEBUG] cheese - admin
[2018-03-21T21:35:13.306] [DEBUG] cheese - null
[2018-03-21T21:35:13.306] [DEBUG] cheese - null
[2018-03-21T21:39:11.180] [DEBUG] cheese - login => username:admin,password:123456
[2018-03-21T21:39:11.180] [DEBUG] cheese - admin
[2018-03-21T21:39:11.187] [DEBUG] cheese - null
[2018-03-21T21:39:11.188] [DEBUG] cheese - null
[2018-03-21T21:41:41.199] [DEBUG] cheese - login => username:admin,password:123456
[2018-03-21T21:41:41.199] [DEBUG] cheese - admin
[2018-03-21T21:41:41.203] [DEBUG] cheese - null
[2018-03-21T21:41:41.204] [DEBUG] cheese - null
[2018-03-21T21:44:10.935] [DEBUG] cheese - login => username:admin,password:a123456
[2018-03-21T21:44:10.935] [DEBUG] cheese - admin
[2018-03-21T21:44:10.941] [DEBUG] cheese - null
[2018-03-21T21:44:10.941] [DEBUG] cheese - null
[2018-03-21T21:44:14.588] [DEBUG] cheese - login => username:admin,password:123456
[2018-03-21T21:44:14.588] [DEBUG] cheese - admin
[2018-03-21T21:44:14.593] [DEBUG] cheese - null
[2018-03-21T21:44:14.593] [DEBUG] cheese - null
[2018-03-21T21:52:55.321] [DEBUG] cheese - login => username:admin,password:123456
[2018-03-21T21:52:55.321] [DEBUG] cheese - admin
[2018-03-21T21:52:55.332] [DEBUG] cheese - null
[2018-03-21T21:52:55.332] [DEBUG] cheese - null
[2018-03-21T22:12:05.946] [DEBUG] cheese - login => username:admin,password:123456
[2018-03-21T22:12:05.946] [DEBUG] cheese - admin
[2018-03-21T22:12:05.952] [DEBUG] cheese - null
[2018-03-21T22:12:05.952] [DEBUG] cheese - null
[2018-03-21T22:14:38.948] [DEBUG] cheese - login => username:admin,password:123456
[2018-03-21T22:14:38.948] [DEBUG] cheese - admin
[2018-03-21T22:14:38.963] [DEBUG] cheese - null
[2018-03-21T22:14:38.963] [DEBUG] cheese - null
[2018-03-21T22:22:30.980] [DEBUG] cheese - login => username:admin,password:123456
[2018-03-21T22:22:30.980] [DEBUG] cheese - admin
[2018-03-21T22:22:30.984] [DEBUG] cheese - null
[2018-03-21T22:22:30.984] [DEBUG] cheese - null
[2018-03-21T23:39:44.222] [DEBUG] cheese - login => username:admin,password:123456
[2018-03-21T23:39:44.223] [DEBUG] cheese - admin
[2018-03-21T23:39:44.232] [DEBUG] cheese - null
[2018-03-21T23:39:44.232] [DEBUG] cheese - null
[2018-03-22T09:42:24.260] [DEBUG] cheese - login => username:admin,password:123456
[2018-03-22T09:42:24.262] [DEBUG] cheese - admin
[2018-03-22T09:42:24.283] [DEBUG] cheese - null
[2018-03-22T09:42:24.284] [DEBUG] cheese - null
[2018-03-22T11:51:22.995] [DEBUG] cheese - login => username:admin,password:123456
[2018-03-22T11:51:22.996] [DEBUG] cheese - admin
[2018-03-22T11:51:23.003] [DEBUG] cheese - null
[2018-03-22T11:51:23.004] [DEBUG] cheese - null
[2018-03-22T11:53:42.080] [DEBUG] cheese - login => username:admin,password:123456
[2018-03-22T11:53:42.080] [DEBUG] cheese - admin
[2018-03-22T11:53:42.084] [DEBUG] cheese - null
[2018-03-22T11:53:42.084] [DEBUG] cheese - null
[2018-03-22T12:24:52.382] [DEBUG] cheese - login => username:admin,password:123456
[2018-03-22T12:24:52.382] [DEBUG] cheese - admin
[2018-03-22T12:24:52.387] [DEBUG] cheese - null
[2018-03-22T12:24:52.387] [DEBUG] cheese - null
[2018-03-22T12:27:20.502] [DEBUG] cheese - login => username:admin,password:123456
[2018-03-22T12:27:20.502] [DEBUG] cheese - admin
[2018-03-22T12:27:20.506] [DEBUG] cheese - null
[2018-03-22T12:27:20.506] [DEBUG] cheese - null
[2018-03-22T12:27:54.380] [DEBUG] cheese - login => username:admin,password:123456
[2018-03-22T12:27:54.380] [DEBUG] cheese - admin
[2018-03-22T12:27:54.385] [DEBUG] cheese - null
[2018-03-22T12:27:54.385] [DEBUG] cheese - null
[2018-03-22T12:29:33.666] [DEBUG] cheese - login => username:admin,password:123456
[2018-03-22T12:29:33.666] [DEBUG] cheese - admin
[2018-03-22T12:29:33.670] [DEBUG] cheese - null
[2018-03-22T12:29:33.670] [DEBUG] cheese - null
[2018-03-22T12:29:49.327] [DEBUG] cheese - login => username:admin,password:123456
[2018-03-22T12:29:49.327] [DEBUG] cheese - admin
[2018-03-22T12:29:49.331] [DEBUG] cheese - null
[2018-03-22T12:29:49.331] [DEBUG] cheese - null
[2018-03-22T12:36:23.298] [DEBUG] cheese - login => username:admin,password:123456
[2018-03-22T12:36:23.299] [DEBUG] cheese - admin
[2018-03-22T12:36:23.305] [DEBUG] cheese - null
[2018-03-22T12:36:23.305] [DEBUG] cheese - null
[2018-03-22T12:37:23.021] [DEBUG] cheese - login => username:admin,password:123456
[2018-03-22T12:37:23.021] [DEBUG] cheese - admin
[2018-03-22T12:37:23.026] [DEBUG] cheese - null
[2018-03-22T12:37:23.026] [DEBUG] cheese - null
[2018-03-22T12:38:20.140] [DEBUG] cheese - login => username:admin,password:123456
[2018-03-22T12:38:20.140] [DEBUG] cheese - admin
[2018-03-22T12:38:20.145] [DEBUG] cheese - null
[2018-03-22T12:38:20.145] [DEBUG] cheese - null
[2018-03-22T14:24:34.730] [DEBUG] cheese - login => username:admin,password:123456
[2018-03-22T14:24:34.732] [DEBUG] cheese - admin
[2018-03-22T14:24:34.749] [DEBUG] cheese - null
[2018-03-22T14:24:34.751] [DEBUG] cheese - null
[2018-03-22T14:57:38.050] [DEBUG] cheese - login => username:admin,password:123456
[2018-03-22T14:57:38.050] [DEBUG] cheese - admin
[2018-03-22T14:57:38.054] [DEBUG] cheese - null
[2018-03-22T14:57:38.054] [DEBUG] cheese - null
[2018-03-22T14:57:54.218] [DEBUG] cheese - login => username:admin,password:123456
[2018-03-22T14:57:54.219] [DEBUG] cheese - admin
[2018-03-22T14:57:54.223] [DEBUG] cheese - null
[2018-03-22T14:57:54.224] [DEBUG] cheese - null
[2018-03-22T15:03:35.901] [DEBUG] cheese - login => username:admin,password:123456
[2018-03-22T15:03:35.902] [DEBUG] cheese - admin
[2018-03-22T15:03:35.909] [DEBUG] cheese - null
[2018-03-22T15:03:35.909] [DEBUG] cheese - null
[2018-03-22T15:04:38.508] [DEBUG] cheese - login => username:admin,password:123456
[2018-03-22T15:04:38.508] [DEBUG] cheese - admin
[2018-03-22T15:04:38.513] [DEBUG] cheese - null
[2018-03-22T15:04:38.514] [DEBUG] cheese - null
[2018-03-22T15:32:20.046] [DEBUG] cheese - login => username:admin,password:123456
[2018-03-22T15:32:20.047] [DEBUG] cheese - admin
[2018-03-22T15:32:20.052] [DEBUG] cheese - null
[2018-03-22T15:32:20.052] [DEBUG] cheese - null
[2018-03-22T15:32:33.058] [DEBUG] cheese - login => username:admin,password:123456
[2018-03-22T15:32:33.059] [DEBUG] cheese - admin
[2018-03-22T15:32:33.063] [DEBUG] cheese - null
[2018-03-22T15:32:33.063] [DEBUG] cheese - null
[2018-03-22T15:37:09.722] [DEBUG] cheese - login => username:admin,password:123456
[2018-03-22T15:37:09.722] [DEBUG] cheese - admin
[2018-03-22T15:37:09.726] [DEBUG] cheese - null
[2018-03-22T15:37:09.726] [DEBUG] cheese - null
[2018-03-22T15:38:34.710] [DEBUG] cheese - login => username:admin,password:123456
[2018-03-22T15:38:34.710] [DEBUG] cheese - admin
[2018-03-22T15:38:34.715] [DEBUG] cheese - null
[2018-03-22T15:38:34.715] [DEBUG] cheese - null
[2018-03-23T10:03:13.336] [DEBUG] cheese - login => username:admin,password:123456
[2018-03-23T10:03:13.340] [DEBUG] cheese - admin
[2018-03-23T10:03:13.370] [DEBUG] cheese - null
[2018-03-23T10:03:13.371] [DEBUG] cheese - null
[2018-03-23T10:12:58.383] [DEBUG] cheese - login => username:admin,password:123456
[2018-03-23T10:12:58.383] [DEBUG] cheese - admin
[2018-03-23T10:12:58.389] [DEBUG] cheese - null
[2018-03-23T10:12:58.389] [DEBUG] cheese - null
[2018-03-23T10:14:34.586] [DEBUG] cheese - login => username:admin,password:123456
[2018-03-23T10:14:34.586] [DEBUG] cheese - admin
[2018-03-23T10:14:34.591] [DEBUG] cheese - null
[2018-03-23T10:14:34.591] [DEBUG] cheese - null
[2018-03-23T10:16:35.065] [DEBUG] cheese - login => username:admin,password:123456
[2018-03-23T10:16:35.065] [DEBUG] cheese - admin
[2018-03-23T10:16:35.076] [DEBUG] cheese - null
[2018-03-23T10:16:35.076] [DEBUG] cheese - null
[2018-03-23T10:19:19.061] [DEBUG] cheese - login => username:admin,password:123456
[2018-03-23T10:19:19.061] [DEBUG] cheese - admin
[2018-03-23T10:19:19.068] [DEBUG] cheese - null
[2018-03-23T10:19:19.069] [DEBUG] cheese - null
[2018-03-23T10:20:49.740] [DEBUG] cheese - login => username:admin,password:123456
[2018-03-23T10:20:49.740] [DEBUG] cheese - admin
[2018-03-23T10:20:49.745] [DEBUG] cheese - null
[2018-03-23T10:20:49.746] [DEBUG] cheese - null
[2018-03-23T10:22:49.122] [DEBUG] cheese - login => username:admin,password:123456
[2018-03-23T10:22:49.122] [DEBUG] cheese - admin
[2018-03-23T10:22:49.126] [DEBUG] cheese - null
[2018-03-23T10:22:49.127] [DEBUG] cheese - null
[2018-03-23T10:24:10.540] [DEBUG] cheese - login => username:admin,password:123456
[2018-03-23T10:24:10.540] [DEBUG] cheese - admin
[2018-03-23T10:24:10.545] [DEBUG] cheese - null
[2018-03-23T10:24:10.545] [DEBUG] cheese - null
[2018-03-23T10:30:35.851] [DEBUG] cheese - login => username:admin,password:123456
[2018-03-23T10:30:35.851] [DEBUG] cheese - admin
[2018-03-23T10:30:35.858] [DEBUG] cheese - null
[2018-03-23T10:30:35.859] [DEBUG] cheese - null
[2018-03-23T10:31:55.938] [DEBUG] cheese - login => username:admin,password:123456
[2018-03-23T10:31:55.938] [DEBUG] cheese - admin
[2018-03-23T10:31:55.943] [DEBUG] cheese - null
[2018-03-23T10:31:55.943] [DEBUG] cheese - null
[2018-03-23T10:40:38.016] [DEBUG] cheese - login => username:admin,password:123456
[2018-03-23T10:40:38.016] [DEBUG] cheese - admin
[2018-03-23T10:40:38.036] [DEBUG] cheese - null
[2018-03-23T10:40:38.037] [DEBUG] cheese - null
[2018-03-23T10:42:03.928] [DEBUG] cheese - login => username:admin,password:123456
[2018-03-23T10:42:03.928] [DEBUG] cheese - admin
[2018-03-23T10:42:03.933] [DEBUG] cheese - null
[2018-03-23T10:42:03.933] [DEBUG] cheese - null
[2018-03-23T10:55:24.399] [DEBUG] cheese - login => username:admin,password:123456
[2018-03-23T10:55:24.400] [DEBUG] cheese - admin
[2018-03-23T10:55:24.408] [DEBUG] cheese - null
[2018-03-23T10:55:24.409] [DEBUG] cheese - null
[2018-03-23T10:56:46.867] [DEBUG] cheese - login => username:admin,password:123456
[2018-03-23T10:56:46.868] [DEBUG] cheese - admin
[2018-03-23T10:56:46.874] [DEBUG] cheese - null
[2018-03-23T10:56:46.875] [DEBUG] cheese - null
[2018-07-10T11:53:03.178] [DEBUG] cheese - login => username:admin,password:123456
[2018-07-10T11:53:03.184] [DEBUG] cheese - admin
[2018-07-10T11:53:03.235] [DEBUG] cheese - null
[2018-07-10T11:53:03.242] [DEBUG] cheese - null
[2018-07-10T11:53:20.099] [DEBUG] cheese - login => username:admin,password:12345634
[2018-07-10T11:53:20.100] [DEBUG] cheese - admin
[2018-07-10T11:53:20.108] [DEBUG] cheese - null
[2018-07-10T11:53:20.109] [DEBUG] cheese - null
[2018-07-10T11:53:25.957] [DEBUG] cheese - login => username:adminq,password:12345634
[2018-07-10T11:53:25.958] [DEBUG] cheese - adminq
[2018-07-10T11:53:25.963] [DEBUG] cheese - null
[2018-07-10T11:53:25.964] [DEBUG] cheese - null
[2018-07-10T11:59:42.871] [DEBUG] cheese - login => username:admin1,password:aa
[2018-07-10T11:59:42.871] [DEBUG] cheese - admin1
[2018-07-10T11:59:42.877] [DEBUG] cheese - null
[2018-07-10T11:59:42.877] [DEBUG] cheese - null
[2018-07-10T12:05:59.881] [DEBUG] cheese - login => username:asd,password:asd
[2018-07-10T12:05:59.882] [DEBUG] cheese - asd
[2018-07-10T12:05:59.887] [DEBUG] cheese - null
[2018-07-10T12:05:59.887] [DEBUG] cheese - null
[2018-07-10T12:11:54.831] [DEBUG] cheese - login => username:sdf,password:sdf
[2018-07-10T12:11:54.831] [DEBUG] cheese - sdf
[2018-07-10T12:11:54.837] [DEBUG] cheese - null
[2018-07-10T12:11:54.837] [DEBUG] cheese - null
[2018-07-10T12:12:05.448] [DEBUG] cheese - login => username:sd,password:sd
[2018-07-10T12:12:05.448] [DEBUG] cheese - sd
[2018-07-10T12:12:05.451] [DEBUG] cheese - null
[2018-07-10T12:12:05.452] [DEBUG] cheese - null
[2018-07-10T12:18:50.635] [DEBUG] cheese - login => username:admin,password:123456
[2018-07-10T12:18:50.635] [DEBUG] cheese - admin
[2018-07-10T12:18:50.643] [DEBUG] cheese - null
[2018-07-10T12:18:50.643] [DEBUG] cheese - null
[2018-07-10T12:21:47.977] [DEBUG] cheese - login => username:admin,password:123
[2018-07-10T12:21:47.977] [DEBUG] cheese - admin
[2018-07-10T12:21:47.985] [DEBUG] cheese - null
[2018-07-10T12:21:47.985] [DEBUG] cheese - null
[2018-07-10T12:26:41.806] [DEBUG] cheese - login => username:admin,password:1
[2018-07-10T12:26:41.806] [DEBUG] cheese - admin
[2018-07-10T12:26:41.813] [DEBUG] cheese - null
[2018-07-10T12:26:41.813] [DEBUG] cheese - null
[2018-07-10T12:28:44.255] [DEBUG] cheese - login => username:admin,password:a
[2018-07-10T12:28:44.255] [DEBUG] cheese - admin
[2018-07-10T12:28:44.264] [DEBUG] cheese - null
[2018-07-10T12:28:44.264] [DEBUG] cheese - null
[2018-07-10T12:28:51.180] [DEBUG] cheese - login => username:admin,password:123456
[2018-07-10T12:28:51.181] [DEBUG] cheese - admin
[2018-07-10T12:28:51.187] [DEBUG] cheese - null
[2018-07-10T12:28:51.187] [DEBUG] cheese - null
[2018-07-10T12:37:57.741] [DEBUG] cheese - login => username:admin,password:sdf
[2018-07-10T12:37:57.741] [DEBUG] cheese - admin
[2018-07-10T12:37:57.748] [DEBUG] cheese - null
[2018-07-10T12:37:57.748] [DEBUG] cheese - null
[2018-07-10T12:38:38.950] [DEBUG] cheese - login => username:admin,password:sdf
[2018-07-10T12:38:38.951] [DEBUG] cheese - admin
[2018-07-10T12:38:38.958] [DEBUG] cheese - null
[2018-07-10T12:38:38.958] [DEBUG] cheese - null
[2018-07-10T12:53:17.410] [DEBUG] cheese - login => username:admin,password:123456
[2018-07-10T12:53:17.411] [DEBUG] cheese - admin
[2018-07-10T12:53:17.418] [DEBUG] cheese - null
[2018-07-10T12:53:17.418] [DEBUG] cheese - null
[2018-07-10T12:53:23.311] [DEBUG] cheese - login => username:admin,password:123456
[2018-07-10T12:53:23.312] [DEBUG] cheese - admin
[2018-07-10T12:53:23.318] [DEBUG] cheese - null
[2018-07-10T12:53:23.318] [DEBUG] cheese - null
[2018-07-10T12:53:51.527] [DEBUG] cheese - login => username:admin,password:123456
[2018-07-10T12:53:51.527] [DEBUG] cheese - admin
[2018-07-10T12:53:51.537] [DEBUG] cheese - null
[2018-07-10T12:53:51.537] [DEBUG] cheese - null
[2018-07-10T12:55:04.414] [DEBUG] cheese - login => username:admin,password:123456
[2018-07-10T12:55:04.414] [DEBUG] cheese - admin
[2018-07-10T12:55:04.420] [DEBUG] cheese - null
[2018-07-10T12:55:04.420] [DEBUG] cheese - null
[2018-07-10T15:16:34.456] [DEBUG] cheese - login => username:admin,password:123456
[2018-07-10T15:16:34.456] [DEBUG] cheese - admin
[2018-07-10T15:16:34.473] [DEBUG] cheese - null
[2018-07-10T15:16:34.473] [DEBUG] cheese - null
[2018-07-10T15:21:34.222] [DEBUG] cheese - login => username:admin,password:123456
[2018-07-10T15:21:34.222] [DEBUG] cheese - admin
[2018-07-10T15:21:34.229] [DEBUG] cheese - null
[2018-07-10T15:21:34.229] [DEBUG] cheese - null
[2018-07-10T16:16:50.901] [DEBUG] cheese - login => username:admin,password:123456
[2018-07-10T16:16:50.902] [DEBUG] cheese - admin
[2018-07-10T16:16:50.908] [DEBUG] cheese - null
[2018-07-10T16:16:50.908] [DEBUG] cheese - null
[2018-07-10T16:21:11.892] [DEBUG] cheese - login => username:admin,password:123456
[2018-07-10T16:21:11.892] [DEBUG] cheese - admin
[2018-07-10T16:21:11.899] [DEBUG] cheese - null
[2018-07-10T16:21:11.899] [DEBUG] cheese - null
[2018-07-10T16:35:20.433] [DEBUG] cheese - login => username:admin,password:123456
[2018-07-10T16:35:20.434] [DEBUG] cheese - admin
[2018-07-10T16:35:20.442] [DEBUG] cheese - null
[2018-07-10T16:35:20.442] [DEBUG] cheese - null
[2018-07-10T16:35:25.710] [DEBUG] cheese - login => username:admin,password:123456
[2018-07-10T16:35:25.711] [DEBUG] cheese - admin
[2018-07-10T16:35:25.716] [DEBUG] cheese - null
[2018-07-10T16:35:25.717] [DEBUG] cheese - null
[2018-07-10T16:36:38.366] [DEBUG] cheese - login => username:admin,password:123456
[2018-07-10T16:36:38.366] [DEBUG] cheese - admin
[2018-07-10T16:36:38.372] [DEBUG] cheese - null
[2018-07-10T16:36:38.373] [DEBUG] cheese - null
[2018-07-10T16:44:47.670] [DEBUG] cheese - login => username:admin,password:123456
[2018-07-10T16:44:47.670] [DEBUG] cheese - admin
[2018-07-10T16:44:47.676] [DEBUG] cheese - null
[2018-07-10T16:44:47.677] [DEBUG] cheese - null
[2018-07-10T16:44:51.465] [DEBUG] cheese - login => username:admin,password:123456
[2018-07-10T16:44:51.466] [DEBUG] cheese - admin
[2018-07-10T16:44:51.475] [DEBUG] cheese - null
[2018-07-10T16:44:51.476] [DEBUG] cheese - null
[2018-07-11T09:23:34.437] [DEBUG] cheese - login => username:admin,password:123456
[2018-07-11T09:23:34.445] [DEBUG] cheese - admin
[2018-07-11T09:23:34.476] [DEBUG] cheese - null
[2018-07-11T09:23:34.480] [DEBUG] cheese - null
[2018-07-11T09:23:47.139] [DEBUG] cheese - login => username:admin,password:123456
[2018-07-11T09:23:47.139] [DEBUG] cheese - admin
[2018-07-11T09:23:47.146] [DEBUG] cheese - null
[2018-07-11T09:23:47.146] [DEBUG] cheese - null
[2018-07-11T10:10:29.631] [DEBUG] cheese - login => username:admin,password:123456
[2018-07-11T10:10:29.631] [DEBUG] cheese - admin
[2018-07-11T10:10:29.641] [DEBUG] cheese - null
[2018-07-11T10:10:29.641] [DEBUG] cheese - null
[2018-07-11T10:10:31.032] [DEBUG] cheese - login => username:admin,password:123456
[2018-07-11T10:10:31.033] [DEBUG] cheese - admin
[2018-07-11T10:10:31.040] [DEBUG] cheese - null
[2018-07-11T10:10:31.041] [DEBUG] cheese - null
[2018-07-11T10:10:51.009] [DEBUG] cheese - login => username:admin,password:123456
[2018-07-11T10:10:51.009] [DEBUG] cheese - admin
[2018-07-11T10:10:51.015] [DEBUG] cheese - null
[2018-07-11T10:10:51.015] [DEBUG] cheese - null
[2018-07-11T10:11:06.941] [DEBUG] cheese - login => username:admin,password:123456
[2018-07-11T10:11:06.941] [DEBUG] cheese - admin
[2018-07-11T10:11:06.949] [DEBUG] cheese - null
[2018-07-11T10:11:06.949] [DEBUG] cheese - null
[2018-07-11T10:11:23.147] [DEBUG] cheese - login => username:admin,password:123456
[2018-07-11T10:11:23.148] [DEBUG] cheese - admin
[2018-07-11T10:11:23.155] [DEBUG] cheese - null
[2018-07-11T10:11:23.155] [DEBUG] cheese - null
[2018-07-11T10:12:20.674] [DEBUG] cheese - login => username:admin,password:123456
[2018-07-11T10:12:20.675] [DEBUG] cheese - admin
[2018-07-11T10:12:20.680] [DEBUG] cheese - null
[2018-07-11T10:12:20.680] [DEBUG] cheese - null
[2018-07-11T10:28:45.932] [DEBUG] cheese - login => username:admin,password:123456
[2018-07-11T10:28:45.932] [DEBUG] cheese - admin
[2018-07-11T10:28:45.943] [DEBUG] cheese - null
[2018-07-11T10:28:45.943] [DEBUG] cheese - null
[2018-07-12T09:48:57.165] [DEBUG] cheese - login => username:admin,password:123456
[2018-07-12T09:48:57.171] [DEBUG] cheese - admin
[2018-07-12T09:48:57.218] [DEBUG] cheese - null
[2018-07-12T09:48:57.221] [DEBUG] cheese - null
[2018-07-12T09:49:09.460] [DEBUG] cheese - login => username:admin,password:123456
[2018-07-12T09:49:09.461] [DEBUG] cheese - admin
[2018-07-12T09:49:09.473] [DEBUG] cheese - null
[2018-07-12T09:49:09.474] [DEBUG] cheese - null
[2018-07-12T10:55:18.937] [DEBUG] cheese - login => username:admin,password:123456
[2018-07-12T10:55:18.937] [DEBUG] cheese - admin
[2018-07-12T10:55:18.949] [DEBUG] cheese - null
[2018-07-12T10:55:18.949] [DEBUG] cheese - null
[2018-07-12T10:58:30.803] [DEBUG] cheese - login => username:admin,password:123456
[2018-07-12T10:58:30.803] [DEBUG] cheese - admin
[2018-07-12T10:58:30.811] [DEBUG] cheese - null
[2018-07-12T10:58:30.811] [DEBUG] cheese - null
[2018-07-12T11:04:21.127] [DEBUG] cheese - login => username:admin,password:123456
[2018-07-12T11:04:21.127] [DEBUG] cheese - admin
[2018-07-12T11:04:21.133] [DEBUG] cheese - null
[2018-07-12T11:04:21.133] [DEBUG] cheese - null
[2018-07-12T11:04:38.012] [DEBUG] cheese - login => username:admin,password:123456
[2018-07-12T11:04:38.012] [DEBUG] cheese - admin
[2018-07-12T11:04:38.019] [DEBUG] cheese - null
[2018-07-12T11:04:38.020] [DEBUG] cheese - null
[2018-07-12T11:04:50.524] [DEBUG] cheese - login => username:test,password:123456
[2018-07-12T11:04:50.524] [DEBUG] cheese - test
[2018-07-12T11:04:50.531] [DEBUG] cheese - null
[2018-07-12T11:04:50.532] [DEBUG] cheese - null
[2018-07-12T11:05:36.472] [DEBUG] cheese - login => username:test,password:123456
[2018-07-12T11:05:36.472] [DEBUG] cheese - test
[2018-07-12T11:05:36.479] [DEBUG] cheese - null
[2018-07-12T11:05:36.479] [DEBUG] cheese - null
[2018-07-12T11:05:53.464] [DEBUG] cheese - login => username:test,password:123456
[2018-07-12T11:05:53.465] [DEBUG] cheese - test
[2018-07-12T11:05:53.474] [DEBUG] cheese - null
[2018-07-12T11:05:53.474] [DEBUG] cheese - null
[2018-07-12T11:05:53.961] [DEBUG] cheese - null
[2018-07-12T11:05:53.970] [DEBUG] cheese - null
[2018-07-12T11:06:38.223] [DEBUG] cheese - null
[2018-07-12T11:06:38.234] [DEBUG] cheese - null
[2018-07-12T11:06:44.342] [DEBUG] cheese - login => username:admin,password:123456
[2018-07-12T11:06:44.342] [DEBUG] cheese - admin
[2018-07-12T11:06:44.349] [DEBUG] cheese - null
[2018-07-12T11:06:44.349] [DEBUG] cheese - null
[2018-07-12T11:07:04.990] [DEBUG] cheese - login => username:admin,password:123456
[2018-07-12T11:07:04.990] [DEBUG] cheese - admin
[2018-07-12T11:07:04.997] [DEBUG] cheese - null
[2018-07-12T11:07:04.998] [DEBUG] cheese - null
[2018-07-12T11:07:14.325] [DEBUG] cheese - login => username:test,password:123456
[2018-07-12T11:07:14.326] [DEBUG] cheese - test
[2018-07-12T11:07:14.335] [DEBUG] cheese - null
[2018-07-12T11:07:14.335] [DEBUG] cheese - null
[2018-07-12T11:07:14.780] [DEBUG] cheese - null
[2018-07-12T11:07:14.793] [DEBUG] cheese - null
[2018-07-12T11:39:15.777] [DEBUG] cheese - null
[2018-07-12T11:39:15.782] [DEBUG] cheese - null
[2018-07-12T11:39:46.682] [DEBUG] cheese - null
[2018-07-12T11:39:46.687] [DEBUG] cheese - null
[2018-07-12T11:40:18.233] [DEBUG] cheese - null
[2018-07-12T11:40:18.241] [DEBUG] cheese - null
[2018-07-12T11:41:14.260] [DEBUG] cheese - null
[2018-07-12T11:41:14.263] [DEBUG] cheese - null
[2018-07-12T11:42:06.379] [DEBUG] cheese - null
[2018-07-12T11:42:06.384] [DEBUG] cheese - null
[2018-07-12T11:42:09.039] [DEBUG] cheese - null
[2018-07-12T11:42:09.044] [DEBUG] cheese - null
[2018-07-12T11:42:19.445] [DEBUG] cheese - null
[2018-07-12T11:42:19.453] [DEBUG] cheese - null
[2018-07-12T11:43:44.384] [DEBUG] cheese - null
[2018-07-12T11:43:44.389] [DEBUG] cheese - null
[2018-07-12T11:44:57.727] [DEBUG] cheese - null
[2018-07-12T11:44:57.737] [DEBUG] cheese - null
[2018-07-12T11:51:54.180] [DEBUG] cheese - null
[2018-07-12T11:51:54.190] [DEBUG] cheese - null
[2018-07-12T15:34:57.279] [DEBUG] cheese - null
[2018-07-12T15:34:57.286] [DEBUG] cheese - null
[2018-07-12T16:04:27.666] [DEBUG] cheese - null
[2018-07-12T16:04:27.677] [DEBUG] cheese - null
[2018-07-12T16:04:52.074] [DEBUG] cheese - null
[2018-07-12T16:04:52.083] [DEBUG] cheese - null
[2018-07-12T16:04:56.086] [DEBUG] cheese - null
[2018-07-12T16:04:56.094] [DEBUG] cheese - null
[2018-07-12T16:05:27.026] [DEBUG] cheese - null
[2018-07-12T16:05:27.032] [DEBUG] cheese - null
[2018-07-12T16:05:38.508] [DEBUG] cheese - null
[2018-07-12T16:05:38.515] [DEBUG] cheese - null
[2018-07-12T16:05:38.540] [DEBUG] cheese - null
[2018-07-12T16:05:38.549] [DEBUG] cheese - null
[2018-07-12T16:08:25.034] [DEBUG] cheese - null
[2018-07-12T16:08:25.037] [DEBUG] cheese - null
[2018-07-12T16:08:30.509] [DEBUG] cheese - null
[2018-07-12T16:08:30.513] [DEBUG] cheese - null
[2018-07-12T16:08:30.522] [DEBUG] cheese - null
[2018-07-12T16:08:30.526] [DEBUG] cheese - null
[2018-07-12T16:29:44.156] [DEBUG] cheese - null
[2018-07-12T16:29:44.170] [DEBUG] cheese - null
[2018-07-12T16:29:56.985] [DEBUG] cheese - null
[2018-07-12T16:29:56.990] [DEBUG] cheese - null
[2018-07-12T16:30:22.288] [DEBUG] cheese - null
[2018-07-12T16:30:22.294] [DEBUG] cheese - null
[2018-07-12T16:31:16.372] [DEBUG] cheese - null
[2018-07-12T16:31:16.379] [DEBUG] cheese - null
[2018-07-12T16:50:23.389] [DEBUG] cheese - null
[2018-07-12T16:50:23.396] [DEBUG] cheese - null
[2018-07-12T16:51:35.776] [DEBUG] cheese - null
[2018-07-12T16:51:35.781] [DEBUG] cheese - null
[2018-07-12T16:51:58.306] [DEBUG] cheese - null
[2018-07-12T16:51:58.314] [DEBUG] cheese - null
[2018-07-12T16:54:44.806] [DEBUG] cheese - null
[2018-07-12T16:54:44.812] [DEBUG] cheese - null
[2018-07-12T16:55:12.091] [DEBUG] cheese - null
[2018-07-12T16:55:12.095] [DEBUG] cheese - null
[2018-07-12T16:56:04.378] [DEBUG] cheese - null
[2018-07-12T16:56:04.381] [DEBUG] cheese - null
[2018-07-12T16:56:04.389] [DEBUG] cheese - null
[2018-07-12T16:56:04.395] [DEBUG] cheese - null
[2018-07-12T16:56:44.911] [DEBUG] cheese - null
[2018-07-12T16:56:44.916] [DEBUG] cheese - null
[2018-07-12T16:56:44.922] [DEBUG] cheese - null
[2018-07-12T16:56:44.938] [DEBUG] cheese - null
[2018-07-12T16:57:11.777] [DEBUG] cheese - null
[2018-07-12T16:57:11.782] [DEBUG] cheese - null
[2018-07-12T17:07:50.516] [DEBUG] cheese - null
[2018-07-12T17:07:50.521] [DEBUG] cheese - null
[2018-07-12T17:07:50.532] [DEBUG] cheese - null
[2018-07-12T17:07:50.554] [DEBUG] cheese - null
[2018-07-12T17:08:25.883] [DEBUG] cheese - null
[2018-07-12T17:08:25.897] [DEBUG] cheese - null
[2018-07-12T17:08:25.910] [DEBUG] cheese - null
[2018-07-12T17:08:25.921] [DEBUG] cheese - null
[2018-07-12T17:09:40.003] [DEBUG] cheese - null
[2018-07-12T17:09:40.005] [DEBUG] cheese - null
[2018-07-12T17:10:19.577] [DEBUG] cheese - null
[2018-07-12T17:10:19.582] [DEBUG] cheese - null
[2018-07-12T17:10:23.734] [DEBUG] cheese - null
[2018-07-12T17:10:23.737] [DEBUG] cheese - null
[2018-07-12T17:10:23.768] [DEBUG] cheese - null
[2018-07-12T17:10:23.770] [DEBUG] cheese - null
[2018-07-12T17:10:51.968] [DEBUG] cheese - null
[2018-07-12T17:10:51.973] [DEBUG] cheese - null
[2018-07-12T17:10:51.980] [DEBUG] cheese - null
[2018-07-12T17:10:51.992] [DEBUG] cheese - null
[2018-07-12T17:43:02.545] [DEBUG] cheese - null
[2018-07-12T17:43:02.559] [DEBUG] cheese - null
[2018-07-12T17:43:24.822] [DEBUG] cheese - null
[2018-07-12T17:43:24.830] [DEBUG] cheese - null
[2018-07-12T17:44:10.689] [DEBUG] cheese - null
[2018-07-12T17:44:10.695] [DEBUG] cheese - null
[2018-07-12T17:44:13.982] [DEBUG] cheese - null
[2018-07-12T17:44:13.987] [DEBUG] cheese - null
[2018-07-12T17:45:23.096] [DEBUG] cheese - null
[2018-07-12T17:45:23.103] [DEBUG] cheese - null
[2018-07-12T17:45:23.106] [DEBUG] cheese - null
[2018-07-12T17:45:23.160] [DEBUG] cheese - null
[2018-07-12T17:45:26.863] [DEBUG] cheese - null
[2018-07-12T17:45:26.867] [DEBUG] cheese - null
[2018-07-12T17:46:29.002] [DEBUG] cheese - null
[2018-07-12T17:46:29.012] [DEBUG] cheese - null
[2018-07-12T17:47:06.256] [DEBUG] cheese - null
[2018-07-12T17:47:06.261] [DEBUG] cheese - null
[2018-07-12T17:47:06.945] [DEBUG] cheese - null
[2018-07-12T17:47:06.952] [DEBUG] cheese - null
[2018-07-12T17:47:07.560] [DEBUG] cheese - null
[2018-07-12T17:47:07.565] [DEBUG] cheese - null
[2018-07-12T17:48:00.270] [DEBUG] cheese - null
[2018-07-12T17:48:00.278] [DEBUG] cheese - null
[2018-07-12T17:48:01.179] [DEBUG] cheese - null
[2018-07-12T17:48:01.185] [DEBUG] cheese - null
[2018-07-12T17:48:01.586] [DEBUG] cheese - null
[2018-07-12T17:48:01.591] [DEBUG] cheese - null
[2018-07-12T17:48:14.982] [DEBUG] cheese - null
[2018-07-12T17:48:14.986] [DEBUG] cheese - null
[2018-07-12T17:48:16.743] [DEBUG] cheese - null
[2018-07-12T17:48:16.749] [DEBUG] cheese - null
[2018-07-12T17:48:18.058] [DEBUG] cheese - null
[2018-07-12T17:48:18.070] [DEBUG] cheese - null
[2018-07-12T17:49:01.061] [DEBUG] cheese - login => username:admin,password:123456
[2018-07-12T17:49:01.061] [DEBUG] cheese - admin
[2018-07-12T17:49:01.066] [DEBUG] cheese - null
[2018-07-12T17:49:01.066] [DEBUG] cheese - null
[2018-07-12T17:49:57.790] [DEBUG] cheese - login => username:admin,password:123456
[2018-07-12T17:49:57.790] [DEBUG] cheese - admin
[2018-07-12T17:49:57.801] [DEBUG] cheese - null
[2018-07-12T17:49:57.801] [DEBUG] cheese - null
[2018-07-13T15:21:59.790] [DEBUG] cheese - login => username:admin,password:123456
[2018-07-13T15:21:59.797] [DEBUG] cheese - admin
[2018-07-13T15:21:59.809] [DEBUG] cheese - null
[2018-07-13T15:21:59.815] [DEBUG] cheese - null
[2018-07-13T15:22:00.351] [DEBUG] cheese - null
[2018-07-13T15:22:00.361] [DEBUG] cheese - null
[2018-07-13T15:22:05.773] [DEBUG] cheese - null
[2018-07-13T15:22:05.780] [DEBUG] cheese - null
[2018-07-13T15:23:12.895] [DEBUG] cheese - null
[2018-07-13T15:23:12.908] [DEBUG] cheese - null
[2018-07-13T15:48:00.220] [DEBUG] cheese - null
[2018-07-13T15:48:00.226] [DEBUG] cheese - null
[2018-07-13T15:48:34.716] [DEBUG] cheese - null
[2018-07-13T15:48:34.738] [DEBUG] cheese - null
[2018-07-13T15:49:20.964] [DEBUG] cheese - null
[2018-07-13T15:49:20.970] [DEBUG] cheese - null
[2018-07-13T15:51:53.416] [DEBUG] cheese - null
[2018-07-13T15:51:53.420] [DEBUG] cheese - null
[2018-07-13T15:52:01.741] [DEBUG] cheese - null
[2018-07-13T15:52:01.745] [DEBUG] cheese - null
[2018-07-13T15:52:01.751] [DEBUG] cheese - null
[2018-07-13T15:52:01.756] [DEBUG] cheese - null
[2018-07-13T15:52:32.906] [DEBUG] cheese - null
[2018-07-13T15:52:32.921] [DEBUG] cheese - null
[2018-07-13T15:52:32.928] [DEBUG] cheese - null
[2018-07-13T15:52:32.933] [DEBUG] cheese - null
[2018-07-13T15:52:50.606] [DEBUG] cheese - login => username:admin,password:123456
[2018-07-13T15:52:50.607] [DEBUG] cheese - admin
[2018-07-13T15:52:50.618] [DEBUG] cheese - null
[2018-07-13T15:52:50.618] [DEBUG] cheese - null
[2018-07-14T16:18:14.831] [DEBUG] cheese - login => username:admin,password:123456
[2018-07-14T16:18:14.840] [DEBUG] cheese - admin
[2018-07-14T16:18:14.881] [DEBUG] cheese - null
[2018-07-14T16:18:14.886] [DEBUG] cheese - null
[2018-07-15T10:04:01.367] [DEBUG] cheese - null
[2018-07-15T10:31:37.321] [DEBUG] cheese - null
[2018-07-15T10:33:43.603] [DEBUG] cheese - null
[2018-07-15T10:38:37.767] [DEBUG] cheese - null
[2018-07-15T10:39:22.997] [DEBUG] cheese - null
[2018-07-15T10:40:01.898] [DEBUG] cheese - null
[2018-07-15T10:41:09.294] [DEBUG] cheese - null
[2018-07-15T10:41:11.081] [DEBUG] cheese - null
[2018-07-15T10:41:12.593] [DEBUG] cheese - null
[2018-07-15T10:41:13.999] [DEBUG] cheese - null
[2018-07-15T10:41:28.056] [DEBUG] cheese - null
[2018-07-15T10:41:30.528] [DEBUG] cheese - null
[2018-07-15T16:25:20.078] [DEBUG] cheese - login => username:admin,password:123456
[2018-07-15T16:25:20.079] [DEBUG] cheese - admin
[2018-07-15T16:25:20.091] [DEBUG] cheese - null
[2018-07-15T16:25:20.092] [DEBUG] cheese - null
[2018-07-15T17:07:29.343] [DEBUG] cheese - login => username:test,password:123456
[2018-07-15T17:07:29.344] [DEBUG] cheese - test
[2018-07-15T17:07:29.348] [DEBUG] cheese - null
[2018-07-15T17:07:29.349] [DEBUG] cheese - null
[2018-07-15T17:08:00.728] [DEBUG] cheese - login => username:admin,password:123456
[2018-07-15T17:08:00.729] [DEBUG] cheese - admin
[2018-07-15T17:08:00.737] [DEBUG] cheese - null
[2018-07-15T17:08:00.737] [DEBUG] cheese - null
[2018-07-15T17:08:41.471] [DEBUG] cheese - login => username:linken,password:123456
[2018-07-15T17:08:41.472] [DEBUG] cheese - linken
[2018-07-15T17:08:41.477] [DEBUG] cheese - null
[2018-07-15T17:08:41.477] [DEBUG] cheese - null
[2018-07-15T17:08:48.121] [DEBUG] cheese - login => username:asdf123,password:123456
[2018-07-15T17:08:48.121] [DEBUG] cheese - asdf123
[2018-07-15T17:08:48.126] [DEBUG] cheese - null
[2018-07-15T17:08:48.126] [DEBUG] cheese - null
[2018-07-15T17:09:09.626] [DEBUG] cheese - login => username:asdf123,password:123456
[2018-07-15T17:09:09.626] [DEBUG] cheese - asdf123
[2018-07-15T17:09:09.632] [DEBUG] cheese - null
[2018-07-15T17:09:09.633] [DEBUG] cheese - null
[2018-07-15T17:09:10.124] [DEBUG] cheese - null
[2018-07-15T17:09:10.129] [DEBUG] cheese - null
[2018-07-15T17:09:30.089] [DEBUG] cheese - login => username:linken,password:123456
[2018-07-15T17:09:30.090] [DEBUG] cheese - linken
[2018-07-15T17:09:30.095] [DEBUG] cheese - null
[2018-07-15T17:09:30.095] [DEBUG] cheese - null
[2018-07-15T17:09:30.561] [DEBUG] cheese - null
[2018-07-15T17:09:30.576] [DEBUG] cheese - null
[2018-07-15T17:09:36.441] [DEBUG] cheese - null
[2018-07-15T17:09:36.455] [DEBUG] cheese - null
[2018-07-15T17:09:46.569] [DEBUG] cheese - login => username:linken,password:123456
[2018-07-15T17:09:46.569] [DEBUG] cheese - linken
[2018-07-15T17:09:46.575] [DEBUG] cheese - null
[2018-07-15T17:09:46.575] [DEBUG] cheese - null
[2018-07-15T17:09:46.994] [DEBUG] cheese - null
[2018-07-15T17:09:47.000] [DEBUG] cheese - null
[2018-07-15T17:09:55.928] [DEBUG] cheese - null
[2018-07-15T17:09:55.935] [DEBUG] cheese - null
[2018-07-15T17:10:13.771] [DEBUG] cheese - login => username:admin,password:123456
[2018-07-15T17:10:13.771] [DEBUG] cheese - admin
[2018-07-15T17:10:13.778] [DEBUG] cheese - null
[2018-07-15T17:10:13.779] [DEBUG] cheese - null
[2018-07-15T17:11:22.013] [DEBUG] cheese - login => username:linken,password:123456
[2018-07-15T17:11:22.013] [DEBUG] cheese - linken
[2018-07-15T17:11:22.021] [DEBUG] cheese - null
[2018-07-15T17:11:22.021] [DEBUG] cheese - null
[2018-07-15T17:11:22.470] [DEBUG] cheese - null
[2018-07-15T17:11:22.476] [DEBUG] cheese - null
[2018-07-15T17:11:27.520] [DEBUG] cheese - null
[2018-07-15T17:11:27.527] [DEBUG] cheese - null
[2018-07-15T17:11:30.934] [DEBUG] cheese - null
[2018-07-15T17:11:30.940] [DEBUG] cheese - null
[2018-07-15T17:11:31.048] [DEBUG] cheese - null
[2018-07-15T17:11:31.053] [DEBUG] cheese - null
[2018-07-15T17:19:33.959] [DEBUG] cheese - login => username:admin,password:123456
[2018-07-15T17:19:33.959] [DEBUG] cheese - admin
[2018-07-15T17:19:33.964] [DEBUG] cheese - null
[2018-07-15T17:19:33.965] [DEBUG] cheese - null
[2018-07-16T08:50:57.907] [DEBUG] cheese - login => username:admin,password:123456
[2018-07-16T08:50:57.913] [DEBUG] cheese - admin
[2018-07-16T08:50:57.941] [DEBUG] cheese - null
[2018-07-16T08:50:57.945] [DEBUG] cheese - null
[2018-07-16T08:57:05.687] [DEBUG] cheese - login => username:test,password:123456
[2018-07-16T08:57:05.688] [DEBUG] cheese - test
[2018-07-16T08:57:05.693] [DEBUG] cheese - null
[2018-07-16T08:57:05.693] [DEBUG] cheese - null
[2018-07-16T08:57:43.629] [DEBUG] cheese - login => username:admin,password:123456
[2018-07-16T08:57:43.629] [DEBUG] cheese - admin
[2018-07-16T08:57:43.640] [DEBUG] cheese - null
[2018-07-16T08:57:43.640] [DEBUG] cheese - null
[2018-08-03T09:10:39.391] [DEBUG] cheese - login => username:admin,password:123456
[2018-08-03T09:10:39.393] [DEBUG] cheese - admin
[2018-08-03T09:10:39.415] [DEBUG] cheese - null
[2018-08-03T09:10:39.417] [DEBUG] cheese - null
[2018-08-03T09:12:04.275] [DEBUG] cheese - null
[2018-08-03T09:12:08.051] [DEBUG] cheese - null
[2018-08-05T17:32:30.229] [DEBUG] cheese - login => username:admin,password:123456
[2018-08-05T17:32:30.231] [DEBUG] cheese - admin
[2018-08-05T17:32:30.252] [DEBUG] cheese - null
[2018-08-05T17:32:30.254] [DEBUG] cheese - null
[2018-08-05T17:32:36.530] [DEBUG] cheese - login => username:admin123,password:123456
[2018-08-05T17:32:36.530] [DEBUG] cheese - admin123
[2018-08-05T17:32:36.532] [DEBUG] cheese - null
[2018-08-05T17:32:36.532] [DEBUG] cheese - null
[2018-08-05T17:32:55.339] [DEBUG] cheese - login => username:admin,password:123456
[2018-08-05T17:32:55.339] [DEBUG] cheese - admin
[2018-08-05T17:32:55.342] [DEBUG] cheese - null
[2018-08-05T17:32:55.342] [DEBUG] cheese - null
[2018-08-05T17:33:05.166] [DEBUG] cheese - login => username:admin,password:1234561
[2018-08-05T17:33:05.166] [DEBUG] cheese - admin
[2018-08-05T17:33:05.170] [DEBUG] cheese - null
[2018-08-05T17:33:05.170] [DEBUG] cheese - null
[2018-08-05T17:40:17.775] [DEBUG] cheese - login => username:asdf,password:asdfasd
[2018-08-05T17:40:17.775] [DEBUG] cheese - asdf
[2018-08-05T17:40:17.777] [DEBUG] cheese - null
[2018-08-05T17:40:17.778] [DEBUG] cheese - null
[2018-08-05T17:40:23.160] [DEBUG] cheese - login => username:admin,password:asdfasd
[2018-08-05T17:40:23.160] [DEBUG] cheese - admin
[2018-08-05T17:40:23.163] [DEBUG] cheese - null
[2018-08-05T17:40:23.163] [DEBUG] cheese - null
[2018-08-05T17:40:30.053] [DEBUG] cheese - login => username:admin,password:123456
[2018-08-05T17:40:30.053] [DEBUG] cheese - admin
[2018-08-05T17:40:30.056] [DEBUG] cheese - null
[2018-08-05T17:40:30.056] [DEBUG] cheese - null
[2018-08-05T17:44:08.971] [DEBUG] cheese - login => username:admin,password:123456
[2018-08-05T17:44:08.972] [DEBUG] cheese - admin
[2018-08-05T17:44:08.974] [DEBUG] cheese - null
[2018-08-05T17:44:08.975] [DEBUG] cheese - null
[2018-08-05T17:44:20.645] [DEBUG] cheese - login => username:admin,password:123456
[2018-08-05T17:44:20.645] [DEBUG] cheese - admin
[2018-08-05T17:44:20.648] [DEBUG] cheese - null
[2018-08-05T17:44:20.648] [DEBUG] cheese - null
[2018-08-05T17:44:49.589] [DEBUG] cheese - login => username:admin,password:123456
[2018-08-05T17:44:49.590] [DEBUG] cheese - admin
[2018-08-05T17:44:49.592] [DEBUG] cheese - null
[2018-08-05T17:44:49.592] [DEBUG] cheese - null
[2018-08-05T17:54:40.639] [DEBUG] cheese - login => username:admin,password:123456
[2018-08-05T17:54:40.641] [DEBUG] cheese - admin
[2018-08-05T17:54:40.658] [DEBUG] cheese - null
[2018-08-05T17:54:40.659] [DEBUG] cheese - null
[2018-09-25T13:10:48.743] [DEBUG] cheese - login => username:zce,password:$08$lV0Gr4AKx7xH7cCU4KCGCOikNzGPaWIpw9W7A9BONIxoJ2.hGC9qi
[2018-09-25T13:10:48.782] [DEBUG] cheese - zce
[2018-09-25T13:10:48.869] [DEBUG] cheese - null
[2018-09-25T13:10:48.870] [DEBUG] cheese - null
[2018-09-25T13:11:20.682] [DEBUG] cheese - login => username:root,password:root
[2018-09-25T13:11:20.682] [DEBUG] cheese - root
[2018-09-25T13:11:20.685] [DEBUG] cheese - null
[2018-09-25T13:11:20.685] [DEBUG] cheese - null
[2018-09-25T13:12:06.359] [DEBUG] cheese - login => username:admin,password:123456
[2018-09-25T13:12:06.359] [DEBUG] cheese - admin
[2018-09-25T13:12:06.366] [DEBUG] cheese - null
[2018-09-25T13:12:06.367] [DEBUG] cheese - null
[2018-09-25T14:02:11.383] [DEBUG] cheese - login => username:admin,password:123456
[2018-09-25T14:02:11.385] [DEBUG] cheese - admin
[2018-09-25T14:02:11.423] [DEBUG] cheese - null
[2018-09-25T14:02:11.424] [DEBUG] cheese - null
[2018-09-25T16:10:04.880] [DEBUG] cheese - login => username:admin,password:123456
[2018-09-25T16:10:04.882] [DEBUG] cheese - admin
[2018-09-25T16:10:04.972] [DEBUG] cheese - null
[2018-09-25T16:10:04.973] [DEBUG] cheese - null
[2018-10-06T17:29:29.477] [DEBUG] cheese - login => username:zjh,password:123456
[2018-10-06T17:29:29.479] [DEBUG] cheese - zjh
[2018-10-06T17:29:29.490] [DEBUG] cheese - null
[2018-10-06T17:29:29.491] [DEBUG] cheese - null
[2018-10-06T17:30:02.843] [DEBUG] cheese - login => username:zjh,password:123456
[2018-10-06T17:30:02.843] [DEBUG] cheese - zjh
[2018-10-06T17:30:02.846] [DEBUG] cheese - null
[2018-10-06T17:30:02.846] [DEBUG] cheese - null
[2018-10-06T17:30:20.764] [DEBUG] cheese - login => username:w@zce.me,password:123456
[2018-10-06T17:30:20.765] [DEBUG] cheese - w@zce.me
[2018-10-06T17:30:20.767] [DEBUG] cheese - null
[2018-10-06T17:30:20.767] [DEBUG] cheese - null
[2018-10-06T17:30:38.683] [DEBUG] cheese - login => username:admin,password:admin
[2018-10-06T17:30:38.683] [DEBUG] cheese - admin
[2018-10-06T17:30:38.692] [DEBUG] cheese - null
[2018-10-06T17:30:38.692] [DEBUG] cheese - null
[2018-10-06T17:30:43.514] [DEBUG] cheese - login => username:admin,password:123456
[2018-10-06T17:30:43.514] [DEBUG] cheese - admin
[2018-10-06T17:30:43.517] [DEBUG] cheese - null
[2018-10-06T17:30:43.518] [DEBUG] cheese - null
[2018-10-06T17:43:52.866] [DEBUG] cheese - login => username:admin,password:123456
[2018-10-06T17:43:52.866] [DEBUG] cheese - admin
[2018-10-06T17:43:52.868] [DEBUG] cheese - null
[2018-10-06T17:43:52.868] [DEBUG] cheese - null
[2018-10-06T19:05:29.807] [DEBUG] cheese - login => username:admin,password:123456
[2018-10-06T19:05:29.807] [DEBUG] cheese - admin
[2018-10-06T19:05:30.063] [DEBUG] cheese - null
[2018-10-06T19:05:30.063] [DEBUG] cheese - null
[2018-10-06T19:07:11.625] [DEBUG] cheese - login => username:admin,password:123456
[2018-10-06T19:07:11.625] [DEBUG] cheese - admin
[2018-10-06T19:07:11.629] [DEBUG] cheese - null
[2018-10-06T19:07:11.629] [DEBUG] cheese - null
[2018-10-06T19:11:46.095] [DEBUG] cheese - login => username:admin,password:123456
[2018-10-06T19:11:46.095] [DEBUG] cheese - admin
[2018-10-06T19:11:46.101] [DEBUG] cheese - null
[2018-10-06T19:11:46.101] [DEBUG] cheese - null
[2018-10-06T19:18:42.493] [DEBUG] cheese - login => username:admin,password:123456
[2018-10-06T19:18:42.495] [DEBUG] cheese - admin
[2018-10-06T19:18:42.513] [DEBUG] cheese - null
[2018-10-06T19:18:42.514] [DEBUG] cheese - null
[2018-10-06T19:18:50.832] [DEBUG] cheese - login => username:admin,password:123456
[2018-10-06T19:18:50.833] [DEBUG] cheese - admin
[2018-10-06T19:18:50.836] [DEBUG] cheese - null
[2018-10-06T19:18:50.836] [DEBUG] cheese - null
[2018-10-06T19:22:26.641] [DEBUG] cheese - login => username:admin,password:123456
[2018-10-06T19:22:26.641] [DEBUG] cheese - admin
[2018-10-06T19:22:26.643] [DEBUG] cheese - null
[2018-10-06T19:22:26.643] [DEBUG] cheese - null
[2018-10-06T19:23:09.289] [DEBUG] cheese - login => username:admin,password:123456
[2018-10-06T19:23:09.289] [DEBUG] cheese - admin
[2018-10-06T19:23:09.291] [DEBUG] cheese - null
[2018-10-06T19:23:09.292] [DEBUG] cheese - null
[2018-10-06T19:26:33.002] [DEBUG] cheese - login => username:admin,password:123456
[2018-10-06T19:26:33.002] [DEBUG] cheese - admin
[2018-10-06T19:26:33.008] [DEBUG] cheese - null
[2018-10-06T19:26:33.008] [DEBUG] cheese - null
[2018-10-06T19:26:54.050] [DEBUG] cheese - login => username:admin,password:admin
[2018-10-06T19:26:54.050] [DEBUG] cheese - admin
[2018-10-06T19:26:54.053] [DEBUG] cheese - null
[2018-10-06T19:26:54.053] [DEBUG] cheese - null
[2018-10-06T19:26:58.145] [DEBUG] cheese - login => username:admin,password:123456
[2018-10-06T19:26:58.146] [DEBUG] cheese - admin
[2018-10-06T19:26:58.148] [DEBUG] cheese - null
[2018-10-06T19:26:58.148] [DEBUG] cheese - null
[2018-10-06T20:40:10.495] [DEBUG] cheese - login => username:admin@admin.com,password:123456
[2018-10-06T20:40:10.496] [DEBUG] cheese - admin@admin.com
[2018-10-06T20:40:10.508] [DEBUG] cheese - null
[2018-10-06T20:40:10.509] [DEBUG] cheese - null
[2018-10-06T20:40:17.581] [DEBUG] cheese - login => username:admin,password:123456
[2018-10-06T20:40:17.581] [DEBUG] cheese - admin
[2018-10-06T20:40:17.589] [DEBUG] cheese - null
[2018-10-06T20:40:17.589] [DEBUG] cheese - null
[2018-10-06T20:48:09.109] [DEBUG] cheese - login => username:admin,password:123456
[2018-10-06T20:48:09.109] [DEBUG] cheese - admin
[2018-10-06T20:48:09.113] [DEBUG] cheese - null
[2018-10-06T20:48:09.113] [DEBUG] cheese - null
